#
# There is insufficient memory for the Java Runtime Environment to continue.
# Native memory allocation (malloc) failed to allocate 1077936 bytes for Chunk::new
# Possible reasons:
#   The system is out of physical RAM or swap space
#   In 32 bit mode, the process size limit was hit
# Possible solutions:
#   Reduce memory load on the system
#   Increase physical memory or swap space
#   Check if swap backing store is full
#   Use 64 bit Java on a 64 bit OS
#   Decrease Java heap size (-Xmx/-Xms)
#   Decrease number of Java threads
#   Decrease Java thread stack sizes (-Xss)
#   Set larger code cache with -XX:ReservedCodeCacheSize=
# This output file may be truncated or incomplete.
#
#  Out of Memory Error (allocation.cpp:390), pid=7704, tid=0x0000000000002efc
#
# JRE version: OpenJDK Runtime Environment (8.0_152-b06) (build 1.8.0_152-release-1136-b06)
# Java VM: OpenJDK 64-Bit Server VM (25.152-b06 mixed mode windows-amd64 compressed oops)
# Failed to write core dump. Minidumps are not enabled by default on client versions of Windows
#

---------------  T H R E A D  ---------------

Current thread (0x00000000160d9000):  JavaThread "C2 CompilerThread0" daemon [_thread_in_native, id=12028, stack(0x0000000017120000,0x0000000017220000)]

Stack: [0x0000000017120000,0x0000000017220000]
[error occurred during error reporting (printing stack bounds), id 0xc0000005]

Native frames: (J=compiled Java code, j=interpreted, Vv=VM code, C=native code)


Current CompileTask:
C2:13555591 24825       4       com.android.tools.r8.ir.conversion.IRBuilder::joinPredecessorsWithIdenticalPhis (394 bytes)


---------------  P R O C E S S  ---------------

Java Threads: ( => current thread )
  0x000000001bcae000 JavaThread "ForkJoinPool.commonPool-worker-0" daemon [_thread_in_Java, id=11864, stack(0x000000002eb60000,0x000000002ec60000)]
  0x000000001bca4000 JavaThread "ForkJoinPool.commonPool-worker-1" daemon [_thread_in_Java, id=3968, stack(0x000000002ea60000,0x000000002eb60000)]
  0x000000001bca9800 JavaThread "Cache worker for Java compile cache (C:\Users\Yell Cab Ltd\Downloads\ContactListviewDemonuts\ChatApp\.gradle\4.6\javaCompile)" [_thread_blocked, id=11424, stack(0x000000002e960000,0x000000002ea60000)]
  0x000000001df1e800 JavaThread "Task worker for ':'" [_thread_blocked, id=3748, stack(0x000000002e160000,0x000000002e260000)]
  0x000000001df1d000 JavaThread "Cache worker for Build Output Cleanup Cache (C:\Users\Yell Cab Ltd\Downloads\ContactListviewDemonuts\ChatApp\.gradle\buildOutputCleanup)" [_thread_blocked, id=10768, stack(0x000000002e060000,0x000000002e160000)]
  0x000000001df1a800 JavaThread "Cache worker for task history cache (C:\Users\Yell Cab Ltd\Downloads\ContactListviewDemonuts\ChatApp\.gradle\4.6\taskHistory)" [_thread_blocked, id=6348, stack(0x000000002df60000,0x000000002e060000)]
  0x000000001df1c000 JavaThread "Cache worker for file content cache (C:\Users\Yell Cab Ltd\Downloads\ContactListviewDemonuts\ChatApp\.gradle\4.6\fileContent)" [_thread_blocked, id=7384, stack(0x000000002de60000,0x000000002df60000)]
  0x000000001df19000 JavaThread "Build operations Thread 2" [_thread_blocked, id=4140, stack(0x000000002dd60000,0x000000002de60000)]
  0x000000001df1b800 JavaThread "Build operations" [_thread_blocked, id=3552, stack(0x000000002dc60000,0x000000002dd60000)]
  0x000000001df11800 JavaThread "Cache worker for Artifact transforms cache (C:\Users\Yell Cab Ltd\.gradle\caches\transforms-1)" [_thread_blocked, id=9260, stack(0x000000002db60000,0x000000002dc60000)]
  0x000000001df14800 JavaThread "Cache worker for file hash cache (C:\Users\Yell Cab Ltd\Downloads\ContactListviewDemonuts\ChatApp\.gradle\4.6\fileHashes)" [_thread_blocked, id=11880, stack(0x000000002da60000,0x000000002db60000)]
  0x000000001df16000 JavaThread "Asynchronous log dispatcher for DefaultDaemonConnection: socket connection from /127.0.0.1:49896 to /127.0.0.1:50790" [_thread_blocked, id=11720, stack(0x000000002d860000,0x000000002d960000)]
  0x000000001df17800 JavaThread "Daemon worker Thread 7" [_thread_blocked, id=11948, stack(0x000000002d760000,0x000000002d860000)]
  0x000000001df18800 JavaThread "Cancel handler" [_thread_blocked, id=5356, stack(0x000000002d660000,0x000000002d760000)]
  0x000000001df13000 JavaThread "Handler for socket connection from /127.0.0.1:49896 to /127.0.0.1:50790" [_thread_in_native, id=5376, stack(0x000000002d560000,0x000000002d660000)]
  0x000000001df15800 JavaThread "Daemon Thread 7" [_thread_blocked, id=3080, stack(0x000000002d460000,0x000000002d560000)]
  0x000000001a420800 JavaThread "MarlinRenderer Disposer" daemon [_thread_blocked, id=9140, stack(0x0000000023360000,0x0000000023460000)]
  0x000000001df20000 JavaThread "Java2D Disposer" daemon [_thread_blocked, id=10100, stack(0x0000000023260000,0x0000000023360000)]
  0x000000001df11000 JavaThread "pool-1-thread-1" [_thread_blocked, id=11372, stack(0x0000000021c10000,0x0000000021d10000)]
  0x000000001a41d800 JavaThread "Memory manager" [_thread_blocked, id=6936, stack(0x000000001db40000,0x000000001dc40000)]
  0x0000000018983000 JavaThread "File lock request listener" [_thread_in_native, id=1588, stack(0x000000001b440000,0x000000001b540000)]
  0x0000000017ee4800 JavaThread "Cache worker for file hash cache (C:\Users\Yell Cab Ltd\.gradle\caches\4.6\fileHashes)" [_thread_blocked, id=12148, stack(0x000000001b340000,0x000000001b440000)]
  0x00000000186be800 JavaThread "Daemon periodic checks" [_thread_blocked, id=9220, stack(0x0000000019870000,0x0000000019970000)]
  0x0000000017d70800 JavaThread "Incoming local TCP Connector on port 49896" [_thread_in_native, id=8520, stack(0x0000000019630000,0x0000000019730000)]
  0x0000000016153800 JavaThread "Service Thread" daemon [_thread_blocked, id=6904, stack(0x0000000017320000,0x0000000017420000)]
  0x00000000160dc000 JavaThread "C1 CompilerThread1" daemon [_thread_blocked, id=11816, stack(0x0000000017220000,0x0000000017320000)]
=>0x00000000160d9000 JavaThread "C2 CompilerThread0" daemon [_thread_in_native, id=12028, stack(0x0000000017120000,0x0000000017220000)]
  0x00000000160d7800 JavaThread "Attach Listener" daemon [_thread_blocked, id=9076, stack(0x0000000017020000,0x0000000017120000)]
  0x00000000160d4000 JavaThread "Signal Dispatcher" daemon [_thread_blocked, id=11636, stack(0x0000000016f20000,0x0000000017020000)]
  0x00000000160c6800 JavaThread "Finalizer" daemon [_thread_blocked, id=12140, stack(0x0000000016d30000,0x0000000016e30000)]
  0x000000000299e000 JavaThread "Reference Handler" daemon [_thread_blocked, id=9308, stack(0x0000000016c30000,0x0000000016d30000)]
  0x00000000028b2800 JavaThread "main" [_thread_blocked, id=800, stack(0x0000000002690000,0x0000000002790000)]

Other Threads:
  0x00000000160a3800 VMThread [stack: 0x0000000016b30000,0x0000000016c30000] [id=11964]
  0x0000000016157000 WatcherThread [stack: 0x0000000017420000,0x0000000017520000] [id=11596]

VM state:not at safepoint (normal execution)

VM Mutex/Monitor currently owned by a thread: None

Heap:
 PSYoungGen      total 360960K, used 113976K [0x00000000e0000000, 0x00000000fc300000, 0x0000000100000000)
  eden space 300544K, 35% used [0x00000000e0000000,0x00000000e6887eb0,0x00000000f2580000)
  from space 60416K, 11% used [0x00000000f6080000,0x00000000f6746280,0x00000000f9b80000)
  to   space 60416K, 0% used [0x00000000f2580000,0x00000000f2580000,0x00000000f6080000)
 ParOldGen       total 158208K, used 91229K [0x00000000a0000000, 0x00000000a9a80000, 0x00000000e0000000)
  object space 158208K, 57% used [0x00000000a0000000,0x00000000a59177f8,0x00000000a9a80000)
 Metaspace       used 96625K, capacity 101144K, committed 101396K, reserved 1138688K
  class space    used 11955K, capacity 13011K, committed 13116K, reserved 1048576K

Card table byte_map: [0x0000000011d70000,0x0000000012080000] byte_map_base: 0x0000000011870000

Marking Bits: (ParMarkBitMap*) 0x0000000073ec5aa0
 Begin Bits: [0x0000000012480000, 0x0000000013c80000)
 End Bits:   [0x0000000013c80000, 0x0000000015480000)

Polling page: 0x0000000000d20000

CodeCache: size=245760Kb used=71068Kb max_used=71093Kb free=174691Kb
 bounds [0x00000000029b0000, 0x0000000006f90000, 0x00000000119b0000]
 total_blobs=20076 nmethods=19082 adapters=904
 compilation: enabled

Compilation events (10 events):
Event: 13548.871 Thread 0x00000000160dc000 24843       2       com.android.tools.r8.ir.code.And::CreateIntLit8 (11 bytes)
Event: 13548.871 Thread 0x00000000160dc000 nmethod 24843 0x00000000065d77d0 code [0x00000000065d7940, 0x00000000065d7b08]
Event: 13548.877 Thread 0x00000000160dc000 24844       2       com.android.tools.r8.ir.optimize.CodeRewriter$$Lambda$489/1642097029::accept (14 bytes)
Event: 13548.877 Thread 0x00000000160dc000 nmethod 24844 0x0000000006c49510 code [0x0000000006c49680, 0x0000000006c49828]
Event: 13549.339 Thread 0x00000000160dc000 24846       2       com.android.tools.r8.it.unimi.dsi.fastutil.ints.Int2ObjectAVLTreeMap$Entry::balance (27 bytes)
Event: 13549.339 Thread 0x00000000160dc000 nmethod 24846 0x0000000006c491d0 code [0x0000000006c49320, 0x0000000006c49490]
Event: 13549.342 Thread 0x00000000160dc000 24847       2       com.android.tools.r8.it.unimi.dsi.fastutil.ints.Int2ObjectAVLTreeMap$Entry::right (19 bytes)
Event: 13549.342 Thread 0x00000000160dc000 nmethod 24847 0x0000000006c48e90 code [0x0000000006c48fe0, 0x0000000006c49150]
Event: 13549.345 Thread 0x00000000160dc000 24848       2       com.android.tools.r8.it.unimi.dsi.fastutil.objects.AbstractObject2IntFunction::put (10 bytes)
Event: 13549.346 Thread 0x00000000160dc000 nmethod 24848 0x0000000006c48950 code [0x0000000006c48ae0, 0x0000000006c48d28]

GC Heap History (10 events):
Event: 13507.241 GC heap before
{Heap before GC invocations=54 (full 4):
 PSYoungGen      total 286208K, used 258703K [0x00000000e0000000, 0x00000000f7580000, 0x0000000100000000)
  eden space 221184K, 100% used [0x00000000e0000000,0x00000000ed800000,0x00000000ed800000)
  from space 65024K, 57% used [0x00000000ed800000,0x00000000efca3ea8,0x00000000f1780000)
  to   space 65024K, 0% used [0x00000000f3600000,0x00000000f3600000,0x00000000f7580000)
 ParOldGen       total 158208K, used 67455K [0x00000000a0000000, 0x00000000a9a80000, 0x00000000e0000000)
  object space 158208K, 42% used [0x00000000a0000000,0x00000000a41dfc90,0x00000000a9a80000)
 Metaspace       used 96541K, capacity 101074K, committed 101396K, reserved 1138688K
  class space    used 11953K, capacity 13010K, committed 13116K, reserved 1048576K
Event: 13509.109 GC heap after
Heap after GC invocations=54 (full 4):
 PSYoungGen      total 319488K, used 27138K [0x00000000e0000000, 0x00000000f7400000, 0x0000000100000000)
  eden space 256000K, 0% used [0x00000000e0000000,0x00000000e0000000,0x00000000efa00000)
  from space 63488K, 42% used [0x00000000f3600000,0x00000000f5080bf8,0x00000000f7400000)
  to   space 61440K, 0% used [0x00000000efa00000,0x00000000efa00000,0x00000000f3600000)
 ParOldGen       total 158208K, used 76985K [0x00000000a0000000, 0x00000000a9a80000, 0x00000000e0000000)
  object space 158208K, 48% used [0x00000000a0000000,0x00000000a4b2e538,0x00000000a9a80000)
 Metaspace       used 96541K, capacity 101074K, committed 101396K, reserved 1138688K
  class space    used 11953K, capacity 13010K, committed 13116K, reserved 1048576K
}
Event: 13519.405 GC heap before
{Heap before GC invocations=55 (full 4):
 PSYoungGen      total 319488K, used 283138K [0x00000000e0000000, 0x00000000f7400000, 0x0000000100000000)
  eden space 256000K, 100% used [0x00000000e0000000,0x00000000efa00000,0x00000000efa00000)
  from space 63488K, 42% used [0x00000000f3600000,0x00000000f5080bf8,0x00000000f7400000)
  to   space 61440K, 0% used [0x00000000efa00000,0x00000000efa00000,0x00000000f3600000)
 ParOldGen       total 158208K, used 76985K [0x00000000a0000000, 0x00000000a9a80000, 0x00000000e0000000)
  object space 158208K, 48% used [0x00000000a0000000,0x00000000a4b2e538,0x00000000a9a80000)
 Metaspace       used 96571K, capacity 101138K, committed 101396K, reserved 1138688K
  class space    used 11953K, capacity 13010K, committed 13116K, reserved 1048576K
Event: 13520.541 GC heap after
Heap after GC invocations=55 (full 4):
 PSYoungGen      total 317440K, used 9503K [0x00000000e0000000, 0x00000000f9d00000, 0x0000000100000000)
  eden space 256000K, 0% used [0x00000000e0000000,0x00000000e0000000,0x00000000efa00000)
  from space 61440K, 15% used [0x00000000efa00000,0x00000000f0347c00,0x00000000f3600000)
  to   space 61952K, 0% used [0x00000000f6080000,0x00000000f6080000,0x00000000f9d00000)
 ParOldGen       total 158208K, used 88221K [0x00000000a0000000, 0x00000000a9a80000, 0x00000000e0000000)
  object space 158208K, 55% used [0x00000000a0000000,0x00000000a5627748,0x00000000a9a80000)
 Metaspace       used 96571K, capacity 101138K, committed 101396K, reserved 1138688K
  class space    used 11953K, capacity 13010K, committed 13116K, reserved 1048576K
}
Event: 13529.133 GC heap before
{Heap before GC invocations=56 (full 4):
 PSYoungGen      total 317440K, used 265503K [0x00000000e0000000, 0x00000000f9d00000, 0x0000000100000000)
  eden space 256000K, 100% used [0x00000000e0000000,0x00000000efa00000,0x00000000efa00000)
  from space 61440K, 15% used [0x00000000efa00000,0x00000000f0347c00,0x00000000f3600000)
  to   space 61952K, 0% used [0x00000000f6080000,0x00000000f6080000,0x00000000f9d00000)
 ParOldGen       total 158208K, used 88221K [0x00000000a0000000, 0x00000000a9a80000, 0x00000000e0000000)
  object space 158208K, 55% used [0x00000000a0000000,0x00000000a5627748,0x00000000a9a80000)
 Metaspace       used 96588K, capacity 101142K, committed 101396K, reserved 1138688K
  class space    used 11953K, capacity 13010K, committed 13116K, reserved 1048576K
Event: 13529.391 GC heap after
Heap after GC invocations=56 (full 4):
 PSYoungGen      total 357888K, used 6102K [0x00000000e0000000, 0x00000000f9b80000, 0x0000000100000000)
  eden space 297472K, 0% used [0x00000000e0000000,0x00000000e0000000,0x00000000f2280000)
  from space 60416K, 10% used [0x00000000f6080000,0x00000000f6675a28,0x00000000f9b80000)
  to   space 61952K, 0% used [0x00000000f2280000,0x00000000f2280000,0x00000000f5f00000)
 ParOldGen       total 158208K, used 91181K [0x00000000a0000000, 0x00000000a9a80000, 0x00000000e0000000)
  object space 158208K, 57% used [0x00000000a0000000,0x00000000a590b7f8,0x00000000a9a80000)
 Metaspace       used 96588K, capacity 101142K, committed 101396K, reserved 1138688K
  class space    used 11953K, capacity 13010K, committed 13116K, reserved 1048576K
}
Event: 13538.702 GC heap before
{Heap before GC invocations=57 (full 4):
 PSYoungGen      total 357888K, used 303574K [0x00000000e0000000, 0x00000000f9b80000, 0x0000000100000000)
  eden space 297472K, 100% used [0x00000000e0000000,0x00000000f2280000,0x00000000f2280000)
  from space 60416K, 10% used [0x00000000f6080000,0x00000000f6675a28,0x00000000f9b80000)
  to   space 61952K, 0% used [0x00000000f2280000,0x00000000f2280000,0x00000000f5f00000)
 ParOldGen       total 158208K, used 91181K [0x00000000a0000000, 0x00000000a9a80000, 0x00000000e0000000)
  object space 158208K, 57% used [0x00000000a0000000,0x00000000a590b7f8,0x00000000a9a80000)
 Metaspace       used 96595K, capacity 101144K, committed 101396K, reserved 1138688K
  class space    used 11954K, capacity 13011K, committed 13116K, reserved 1048576K
Event: 13538.997 GC heap after
Heap after GC invocations=57 (full 4):
 PSYoungGen      total 359424K, used 5168K [0x00000000e0000000, 0x00000000f9b80000, 0x0000000100000000)
  eden space 297472K, 0% used [0x00000000e0000000,0x00000000e0000000,0x00000000f2280000)
  from space 61952K, 8% used [0x00000000f2280000,0x00000000f278c300,0x00000000f5f00000)
  to   space 60416K, 0% used [0x00000000f6080000,0x00000000f6080000,0x00000000f9b80000)
 ParOldGen       total 158208K, used 91213K [0x00000000a0000000, 0x00000000a9a80000, 0x00000000e0000000)
  object space 158208K, 57% used [0x00000000a0000000,0x00000000a59137f8,0x00000000a9a80000)
 Metaspace       used 96595K, capacity 101144K, committed 101396K, reserved 1138688K
  class space    used 11954K, capacity 13011K, committed 13116K, reserved 1048576K
}
Event: 13548.259 GC heap before
{Heap before GC invocations=58 (full 4):
 PSYoungGen      total 359424K, used 302640K [0x00000000e0000000, 0x00000000f9b80000, 0x0000000100000000)
  eden space 297472K, 100% used [0x00000000e0000000,0x00000000f2280000,0x00000000f2280000)
  from space 61952K, 8% used [0x00000000f2280000,0x00000000f278c300,0x00000000f5f00000)
  to   space 60416K, 0% used [0x00000000f6080000,0x00000000f6080000,0x00000000f9b80000)
 ParOldGen       total 158208K, used 91213K [0x00000000a0000000, 0x00000000a9a80000, 0x00000000e0000000)
  object space 158208K, 57% used [0x00000000a0000000,0x00000000a59137f8,0x00000000a9a80000)
 Metaspace       used 96622K, capacity 101144K, committed 101396K, reserved 1138688K
  class space    used 11955K, capacity 13011K, committed 13116K, reserved 1048576K
Event: 13548.315 GC heap after
Heap after GC invocations=58 (full 4):
 PSYoungGen      total 360960K, used 6936K [0x00000000e0000000, 0x00000000fc300000, 0x0000000100000000)
  eden space 300544K, 0% used [0x00000000e0000000,0x00000000e0000000,0x00000000f2580000)
  from space 60416K, 11% used [0x00000000f6080000,0x00000000f6746280,0x00000000f9b80000)
  to   space 60416K, 0% used [0x00000000f2580000,0x00000000f2580000,0x00000000f6080000)
 ParOldGen       total 158208K, used 91229K [0x00000000a0000000, 0x00000000a9a80000, 0x00000000e0000000)
  object space 158208K, 57% used [0x00000000a0000000,0x00000000a59177f8,0x00000000a9a80000)
 Metaspace       used 96622K, capacity 101144K, committed 101396K, reserved 1138688K
  class space    used 11955K, capacity 13011K, committed 13116K, reserved 1048576K
}

Deoptimization events (10 events):
Event: 13535.444 Thread 0x000000001bca4000 Uncommon trap: reason=unstable_if action=reinterpret pc=0x00000000066f2cb4 method=com.android.tools.r8.ir.conversion.JarSourceCode.getTryHandlers(Lcom/android/tools/r8/org/objectweb/asm/tree/AbstractInsnNode;)Ljava/util/List; @ 80
Event: 13536.059 Thread 0x000000001bcae000 Uncommon trap: reason=unstable_if action=reinterpret pc=0x000000000328ab2c method=java.util.HashMap.getNode(ILjava/lang/Object;)Ljava/util/HashMap$Node; @ 84
Event: 13537.123 Thread 0x000000001bca4000 Uncommon trap: reason=unstable_if action=reinterpret pc=0x0000000006e185e4 method=com.android.tools.r8.ir.optimize.PeepholeOptimizer.removeWideConstantCovering(Ljava/util/Map;I)V @ 27
Event: 13537.379 Thread 0x000000001bca4000 Uncommon trap: reason=unstable_if action=reinterpret pc=0x000000000661185c method=com.android.tools.r8.ir.optimize.PeepholeOptimizer.removeWideConstantCovering(Ljava/util/Map;I)V @ 27
Event: 13537.708 Thread 0x000000001bca4000 Uncommon trap: reason=unstable_if action=reinterpret pc=0x0000000006eaceb8 method=com.android.tools.r8.ir.analysis.constant.SparseConditionalConstantPropagation.rewriteCode()V @ 57
Event: 13539.055 Thread 0x000000001bcae000 Uncommon trap: reason=class_check action=maybe_recompile pc=0x00000000068f32fc method=com.android.tools.r8.graph.DexItem.collectIndexedItems(Lcom/android/tools/r8/dex/IndexedItemCollection;)V @ 4
Event: 13539.055 Thread 0x000000001bcae000 Uncommon trap: reason=class_check action=maybe_recompile pc=0x00000000068f32fc method=com.android.tools.r8.graph.DexItem.collectIndexedItems(Lcom/android/tools/r8/dex/IndexedItemCollection;)V @ 4
Event: 13539.056 Thread 0x000000001bcae000 Uncommon trap: reason=class_check action=maybe_recompile pc=0x00000000068f32fc method=com.android.tools.r8.graph.DexItem.collectIndexedItems(Lcom/android/tools/r8/dex/IndexedItemCollection;)V @ 4
Event: 13539.056 Thread 0x000000001bcae000 Uncommon trap: reason=class_check action=maybe_recompile pc=0x00000000068f32fc method=com.android.tools.r8.graph.DexItem.collectIndexedItems(Lcom/android/tools/r8/dex/IndexedItemCollection;)V @ 4
Event: 13544.340 Thread 0x000000001bcae000 Uncommon trap: reason=unstable_if action=reinterpret pc=0x0000000006ca99a0 method=java.util.Arrays.equals([Ljava/lang/Object;[Ljava/lang/Object;)Z @ 52

Classes redefined (0 events):
No events

Internal exceptions (10 events):
Event: 13392.531 Thread 0x000000001df17800 Exception <a 'sun/nio/fs/WindowsException'> (0x00000000e53fe910) thrown at [D:\src\AOSP-openjdk-cygwin\jdk8u\hotspot\src\share\vm\prims\jni.cpp, line 709]
Event: 13392.532 Thread 0x000000001df17800 Exception <a 'sun/nio/fs/WindowsException'> (0x00000000e53ff538) thrown at [D:\src\AOSP-openjdk-cygwin\jdk8u\hotspot\src\share\vm\prims\jni.cpp, line 709]
Event: 13392.532 Thread 0x000000001df17800 Exception <a 'sun/nio/fs/WindowsException'> (0x00000000e5401628) thrown at [D:\src\AOSP-openjdk-cygwin\jdk8u\hotspot\src\share\vm\prims\jni.cpp, line 709]
Event: 13392.731 Thread 0x000000001df17800 Exception <a 'sun/nio/fs/WindowsException'> (0x00000000e542fca8) thrown at [D:\src\AOSP-openjdk-cygwin\jdk8u\hotspot\src\share\vm\prims\jni.cpp, line 709]
Event: 13392.731 Thread 0x000000001df17800 Exception <a 'sun/nio/fs/WindowsException'> (0x00000000e54308d0) thrown at [D:\src\AOSP-openjdk-cygwin\jdk8u\hotspot\src\share\vm\prims\jni.cpp, line 709]
Event: 13392.732 Thread 0x000000001df17800 Exception <a 'sun/nio/fs/WindowsException'> (0x00000000e54329c0) thrown at [D:\src\AOSP-openjdk-cygwin\jdk8u\hotspot\src\share\vm\prims\jni.cpp, line 709]
Event: 13392.794 Thread 0x000000001df17800 Exception <a 'sun/nio/fs/WindowsException'> (0x00000000e54abb40) thrown at [D:\src\AOSP-openjdk-cygwin\jdk8u\hotspot\src\share\vm\prims\jni.cpp, line 709]
Event: 13392.795 Thread 0x000000001df17800 Exception <a 'sun/nio/fs/WindowsException'> (0x00000000e54ac768) thrown at [D:\src\AOSP-openjdk-cygwin\jdk8u\hotspot\src\share\vm\prims\jni.cpp, line 709]
Event: 13392.795 Thread 0x000000001df17800 Exception <a 'sun/nio/fs/WindowsException'> (0x00000000e54ae858) thrown at [D:\src\AOSP-openjdk-cygwin\jdk8u\hotspot\src\share\vm\prims\jni.cpp, line 709]
Event: 13534.854 Thread 0x000000001bcae000 Implicit null exception at 0x0000000006e2df0f to 0x0000000006e2e1b1

Events (10 events):
Event: 13548.414 Executing VM operation: RevokeBias
Event: 13548.415 Executing VM operation: RevokeBias done
Event: 13548.415 Executing VM operation: RevokeBias
Event: 13548.415 Executing VM operation: RevokeBias done
Event: 13548.415 Executing VM operation: BulkRevokeBias
Event: 13548.416 Executing VM operation: BulkRevokeBias done
Event: 13548.416 Executing VM operation: RevokeBias
Event: 13548.416 Executing VM operation: RevokeBias done
Event: 13548.417 Executing VM operation: RevokeBias
Event: 13548.417 Executing VM operation: RevokeBias done


Dynamic libraries:
0x00007ff7d9460000 - 0x00007ff7d9491000 	C:\Program Files\Android\Android Studio\jre\bin\java.exe
0x00007ffbf72b0000 - 0x00007ffbf7491000 	C:\WINDOWS\SYSTEM32\ntdll.dll
0x00007ffbf5010000 - 0x00007ffbf50c2000 	C:\WINDOWS\System32\KERNEL32.DLL
0x00007ffbf38a0000 - 0x00007ffbf3b13000 	C:\WINDOWS\System32\KERNELBASE.dll
0x00007ffbf4f60000 - 0x00007ffbf5001000 	C:\WINDOWS\System32\ADVAPI32.dll
0x00007ffbf6ff0000 - 0x00007ffbf708e000 	C:\WINDOWS\System32\msvcrt.dll
0x00007ffbf70c0000 - 0x00007ffbf711b000 	C:\WINDOWS\System32\sechost.dll
0x00007ffbf48d0000 - 0x00007ffbf49f4000 	C:\WINDOWS\System32\RPCRT4.dll
0x00007ffbf4740000 - 0x00007ffbf48d0000 	C:\WINDOWS\System32\USER32.dll
0x00007ffbf3d10000 - 0x00007ffbf3d30000 	C:\WINDOWS\System32\win32u.dll
0x00007ffbf7090000 - 0x00007ffbf70b8000 	C:\WINDOWS\System32\GDI32.dll
0x00007ffbf3b70000 - 0x00007ffbf3d02000 	C:\WINDOWS\System32\gdi32full.dll
0x00007ffbf3800000 - 0x00007ffbf389f000 	C:\WINDOWS\System32\msvcp_win.dll
0x00007ffbf3680000 - 0x00007ffbf377a000 	C:\WINDOWS\System32\ucrtbase.dll
0x00007ffbe4e90000 - 0x00007ffbe50f9000 	C:\WINDOWS\WinSxS\amd64_microsoft.windows.common-controls_6595b64144ccf1df_6.0.17134.523_none_fb409dd930672a56\COMCTL32.dll
0x00007ffbf6bf0000 - 0x00007ffbf6f12000 	C:\WINDOWS\System32\combase.dll
0x00007ffbf3780000 - 0x00007ffbf37fa000 	C:\WINDOWS\System32\bcryptPrimitives.dll
0x00007ffbf4a00000 - 0x00007ffbf4a2d000 	C:\WINDOWS\System32\IMM32.DLL
0x00000000745e0000 - 0x00000000746b2000 	C:\Program Files\Android\Android Studio\jre\jre\bin\msvcr100.dll
0x0000000073700000 - 0x0000000073f41000 	C:\Program Files\Android\Android Studio\jre\jre\bin\server\jvm.dll
0x00007ffbf4f50000 - 0x00007ffbf4f58000 	C:\WINDOWS\System32\PSAPI.DLL
0x00007ffbed290000 - 0x00007ffbed299000 	C:\WINDOWS\SYSTEM32\WSOCK32.dll
0x00007ffbf56e0000 - 0x00007ffbf574c000 	C:\WINDOWS\System32\WS2_32.dll
0x00007ffbeb430000 - 0x00007ffbeb453000 	C:\WINDOWS\SYSTEM32\WINMM.dll
0x00007ffbeb730000 - 0x00007ffbeb73a000 	C:\WINDOWS\SYSTEM32\VERSION.dll
0x00007ffbeb400000 - 0x00007ffbeb42a000 	C:\WINDOWS\SYSTEM32\WINMMBASE.dll
0x00007ffbf3b20000 - 0x00007ffbf3b69000 	C:\WINDOWS\System32\cfgmgr32.dll
0x00007ffbd1af0000 - 0x00007ffbd1aff000 	C:\Program Files\Android\Android Studio\jre\jre\bin\verify.dll
0x00007ffbd17d0000 - 0x00007ffbd17f9000 	C:\Program Files\Android\Android Studio\jre\jre\bin\java.dll
0x00007ffbb6f30000 - 0x00007ffbb6f46000 	C:\Program Files\Android\Android Studio\jre\jre\bin\zip.dll
0x00007ffbf57b0000 - 0x00007ffbf6bf0000 	C:\WINDOWS\System32\SHELL32.dll
0x00007ffbf7120000 - 0x00007ffbf71c9000 	C:\WINDOWS\System32\shcore.dll
0x00007ffbf3e40000 - 0x00007ffbf454d000 	C:\WINDOWS\System32\windows.storage.dll
0x00007ffbf4e80000 - 0x00007ffbf4ed1000 	C:\WINDOWS\System32\shlwapi.dll
0x00007ffbf3660000 - 0x00007ffbf3671000 	C:\WINDOWS\System32\kernel.appcore.dll
0x00007ffbf3610000 - 0x00007ffbf362f000 	C:\WINDOWS\System32\profapi.dll
0x00007ffbf35c0000 - 0x00007ffbf360c000 	C:\WINDOWS\System32\powrprof.dll
0x00007ffbf3630000 - 0x00007ffbf363a000 	C:\WINDOWS\System32\FLTLIB.DLL
0x00007ffbbf240000 - 0x00007ffbbf25a000 	C:\Program Files\Android\Android Studio\jre\jre\bin\net.dll
0x00007ffbf2de0000 - 0x00007ffbf2e46000 	C:\WINDOWS\system32\mswsock.dll
0x00007ffbbf130000 - 0x00007ffbbf141000 	C:\Program Files\Android\Android Studio\jre\jre\bin\nio.dll
0x00007ffbd97d0000 - 0x00007ffbd97ee000 	C:\Users\Yell Cab Ltd\.gradle\native\25\windows-amd64\native-platform.dll
0x00007ffbd17c0000 - 0x00007ffbd17cd000 	C:\Program Files\Android\Android Studio\jre\jre\bin\management.dll
0x00007ffbf2f90000 - 0x00007ffbf2fa7000 	C:\WINDOWS\SYSTEM32\CRYPTSP.dll
0x00007ffbf29c0000 - 0x00007ffbf29f3000 	C:\WINDOWS\system32\rsaenh.dll
0x00007ffbf30c0000 - 0x00007ffbf30e5000 	C:\WINDOWS\SYSTEM32\bcrypt.dll
0x00007ffbf34c0000 - 0x00007ffbf34e8000 	C:\WINDOWS\SYSTEM32\USERENV.dll
0x00007ffbf2fb0000 - 0x00007ffbf2fbb000 	C:\WINDOWS\SYSTEM32\CRYPTBASE.dll
0x00007ffbf2b60000 - 0x00007ffbf2b98000 	C:\WINDOWS\SYSTEM32\IPHLPAPI.DLL
0x00007ffbf71d0000 - 0x00007ffbf71d8000 	C:\WINDOWS\System32\NSI.dll
0x00007ffbeddc0000 - 0x00007ffbeddd6000 	C:\WINDOWS\SYSTEM32\dhcpcsvc6.DLL
0x00007ffbedda0000 - 0x00007ffbeddba000 	C:\WINDOWS\SYSTEM32\dhcpcsvc.DLL
0x00007ffbb6b60000 - 0x00007ffbb6b84000 	C:\Program Files\Android\Android Studio\jre\jre\bin\sunec.dll
0x00007ffbf2bb0000 - 0x00007ffbf2c6e000 	C:\WINDOWS\SYSTEM32\DNSAPI.dll
0x00007ffbed830000 - 0x00007ffbed83a000 	C:\Windows\System32\rasadhlp.dll
0x00007ffbecb30000 - 0x00007ffbecba2000 	C:\WINDOWS\System32\fwpuclnt.dll
0x00007ffbeeff0000 - 0x00007ffbeeffb000 	C:\Program Files\Android\Android Studio\jre\jre\bin\sunmscapi.dll
0x00007ffbf4550000 - 0x00007ffbf4732000 	C:\WINDOWS\System32\CRYPT32.dll
0x00007ffbf3640000 - 0x00007ffbf3652000 	C:\WINDOWS\System32\MSASN1.dll
0x00007ffba8400000 - 0x00007ffba8597000 	C:\Program Files\Android\Android Studio\jre\jre\bin\awt.dll
0x00007ffbf6f20000 - 0x00007ffbf6fe2000 	C:\WINDOWS\System32\OLEAUT32.dll
0x00007ffbf0b80000 - 0x00007ffbf1147000 	C:\WINDOWS\SYSTEM32\d2d1.dll
0x00007ffbf1830000 - 0x00007ffbf18bb000 	C:\WINDOWS\SYSTEM32\apphelp.dll
0x00007ffbf1d50000 - 0x00007ffbf1d79000 	C:\WINDOWS\system32\DWMAPI.DLL
0x00007ffbf1c80000 - 0x00007ffbf1d18000 	C:\WINDOWS\system32\uxtheme.dll

VM Arguments:
jvm_args: -Xmx1536m -Dfile.encoding=windows-1252 -Duser.country=GB -Duser.language=en -Duser.variant 
java_command: org.gradle.launcher.daemon.bootstrap.GradleDaemon 4.6
java_class_path (initial): C:\Users\Yell Cab Ltd\.gradle\wrapper\dists\gradle-4.6-all\bcst21l2brirad8k2ben1letg\gradle-4.6\lib\gradle-launcher-4.6.jar
Launcher Type: SUN_STANDARD

Environment Variables:
JAVA_HOME=C:\Program Files\Android\Android Studio\jre
PATH=C:\Program Files (x86)\Intel\TXE Components\TCS\;C:\Program Files\Intel\TXE Components\TCS\;C:\WINDOWS\system32;C:\WINDOWS;C:\WINDOWS\System32\Wbem;C:\WINDOWS\System32\WindowsPowerShell\v1.0\;C:\WINDOWS\system32\config\systemprofile\.dnx\bin;C:\Program Files\Microsoft DNX\Dnvm\;C:\Program Files\Microsoft SQL Server\130\Tools\Binn\;C:\Program Files (x86)\nodejs\;C:\Program Files\dotnet\;C:\Program Files\Git\cmd;C:\Program Files\Microsoft SQL Server\Client SDK\ODBC\130\Tools\Binn\;C:\Program Files (x86)\Microsoft SQL Server\140\Tools\Binn\;C:\Program Files\Microsoft SQL Server\140\Tools\Binn\;C:\Program Files\Microsoft SQL Server\140\DTS\Binn\;C:\Program Files (x86)\Microsoft SQL Server\Client SDK\ODBC\130\Tools\Binn\;C:\Program Files (x86)\Microsoft SQL Server\140\DTS\Binn\;C:\Program Files (x86)\Microsoft SQL Server\140\Tools\Binn\ManagementStudio\;C:\Program Files\Common Files\Autodesk Shared\;C:\WINDOWS\System32\OpenSSH\;C:\Users\Yell Cab Ltd\AppData\Roaming\npm;%USERPROFILE%\AppData\Local\Microsoft\WindowsApps;;C:\Modeltech_pe_edu_10.4a\win32pe_edu
USERNAME=Yell Cab Ltd
OS=Windows_NT
PROCESSOR_IDENTIFIER=Intel64 Family 6 Model 55 Stepping 8, GenuineIntel



---------------  S Y S T E M  ---------------

OS: Windows 10.0 , 64 bit Build 17134 (10.0.17134.1)

CPU:total 2 (initial active 2) (2 cores per cpu, 1 threads per core) family 6 model 55 stepping 8, cmov, cx8, fxsr, mmx, sse, sse2, sse3, ssse3, sse4.1, sse4.2, popcnt, clmul, erms, 3dnowpref, tsc, tscinvbit

Memory: 4k page, physical 4073664k(266684k free), swap 8169664k(4248k free)

vm_info: OpenJDK 64-Bit Server VM (25.152-b06) for windows-amd64 JRE (1.8.0_152-release-1136-b06), built by "builder" with MS VC++ 10.0 (VS2010)

time: Thu Jan 10 11:19:55 2019
elapsed time: 13550 seconds (0d 3h 45m 50s)

